#
# A fatal error has been detected by the Java Runtime Environment:
#
#  SIGSEGV (0xb) at pc=0x00007f9453e5f059, pid=5386, tid=140275062777664
#
# JRE version: 7.0_21-b02
# Java VM: OpenJDK 64-Bit Server VM (23.7-b01 mixed mode linux-amd64 compressed oops)
# Problematic frame:
# C  [libc.so.6+0x148059]  __nss_hosts_lookup+0x16709
#
# Failed to write core dump. Core dumps have been disabled. To enable core dumping, try "ulimit -c unlimited" before starting Java again
#
# If you would like to submit a bug report, please include
# instructions on how to reproduce the bug and visit:
#   https://bugs.launchpad.net/ubuntu/+source/openjdk-7/
#

---------------  T H R E A D  ---------------

Current thread (0x0000000000a7d800):  JavaThread "main" [_thread_in_vm, id=5386, stack(0x00007fff13a37000,0x00007fff13b37000)]

siginfo:si_signo=SIGSEGV: si_errno=0, si_code=1 (SEGV_MAPERR), si_addr=0x0000000000000084

Registers:
RAX=0x00000000d6aa5c58, RBX=0x0000000000a7d800, RCX=0x0000000000010000, RDX=0x0000000000000094
RSP=0x00007fff13b34288, RBP=0x00007fff13b34300, RSI=0x0000000000000094, RDI=0x00000000d6aa5cec
R8 =0x0000000000000000, R9 =0x0000000000000012, R10=0x0000000000000012, R11=0x00000000d6aa5ae0
R12=0x0000000000a7ef20, R13=0x0000000000000094, R14=0x0000000000000000, R15=0x0000000000000000
RIP=0x00007f9453e5f059, EFLAGS=0x0000000000010202, CSGSFS=0x0000000000000033, ERR=0x0000000000000004
  TRAPNO=0x000000000000000e

Top of Stack: (sp=0x00007fff13b34288)
0x00007fff13b34288:   00007f9454b16509 0000000000a7d800
0x00007fff13b34298:   0000000000000000 0000000000a7d800
0x00007fff13b342a8:   0000000000000000 0000000000a7d800
0x00007fff13b342b8:   00000000000000d8 0000000000a7d800
0x00007fff13b342c8:   00007f9454b14925 0000000000a7d800
0x00007fff13b342d8:   0000000000a7d9d8 0000000000a7ef20
0x00007fff13b342e8:   0000000000000025 0000000000000000
0x00007fff13b342f8:   0000000000c24170 0000000000b867c0
0x00007fff13b34308:   00000000004053ce 0000000000c25800
0x00007fff13b34318:   000000000000001b 00000000000000d8
0x00007fff13b34328:   0000000000000094 00007fff13b34430
0x00007fff13b34338:   00000000004023f5 0000000000a6a860
0x00007fff13b34348:   00007fff13b364c0 3ff0000000000000
0x00007fff13b34358:   0000000000000013 000000000000000a
0x00007fff13b34368:   0000000000000000 0000000000a6a530
0x00007fff13b34378:   0000007f00000025 00000000000003f8
0x00007fff13b34388:   0000000000000000 00007f945524f320
0x00007fff13b34398:   0000000000b867c0 0000000000000025
0x00007fff13b343a8:   0000000000a6c980 0000000000a6c8e0
0x00007fff13b343b8:   00007f945437fabb 0000000000a6cb50
0x00007fff13b343c8:   0000000000a6a860 00007fff13b364c0
0x00007fff13b343d8:   00007f9453dc5c8a 0000000000000000
0x00007fff13b343e8:   0000000000405ad9 00007fff13b364c0
0x00007fff13b343f8:   0000000000000002 0000000000000000
0x00007fff13b34408:   00000000ffffffff 00007fff13b364c0
0x00007fff13b34418:   0000000000401e89 00007f9400000001
0x00007fff13b34428:   0000000000000001 00007f9400000025
0x00007fff13b34438:   0000000000a6c980 0000000000a6c8e0
0x00007fff13b34448:   0000000000a6c7b0 0000000000a6cb50
0x00007fff13b34458:   0000000000a6ca20 00007fff13b364c0
0x00007fff13b34468:   00007f0100000002 0000000000a6e900
0x00007fff13b34478:   0000000000000400 0000000000000000 

Instructions: (pc=0x00007f9453e5f059)
0x00007f9453e5f039:   1f 84 00 00 00 00 00 48 8b 0d f9 01 27 00 48 d1
0x00007f9453e5f049:   e1 48 39 ca 0f 87 7d 19 00 00 48 01 d7 48 01 d6
0x00007f9453e5f059:   f3 0f 6f 46 f0 4c 8d 47 f0 49 89 f9 49 83 e1 0f
0x00007f9453e5f069:   4c 31 cf 4c 29 ce 4c 29 ca 49 89 f1 49 83 e1 0f 

Register to memory mapping:

RAX=0x00000000d6aa5c58 is an oop
[I 
 - klass: {type array int}
 - length: 37
RBX=0x0000000000a7d800 is a thread
RCX=0x0000000000010000 is an unknown value
RDX=0x0000000000000094 is an unknown value
RSP=0x00007fff13b34288 is pointing into the stack for thread: 0x0000000000a7d800
RBP=0x00007fff13b34300 is pointing into the stack for thread: 0x0000000000a7d800
RSI=0x0000000000000094 is an unknown value
RDI=0x00000000d6aa5cec is an oop
[I 
 - klass: {type array int}
 - length: 37
R8 =0x0000000000000000 is an unknown value
R9 =0x0000000000000012 is an unknown value
R10=0x0000000000000012 is an unknown value
R11=0x00000000d6aa5ae0 is an oop
[D 
 - klass: {type array double}
 - length: 27
R12=0x0000000000a7ef20 is an unknown value
R13=0x0000000000000094 is an unknown value
R14=0x0000000000000000 is an unknown value
R15=0x0000000000000000 is an unknown value


Stack: [0x00007fff13a37000,0x00007fff13b37000],  sp=0x00007fff13b34288,  free space=1012k
Native frames: (J=compiled Java code, j=interpreted, Vv=VM code, C=native code)
C  [libc.so.6+0x148059]  __nss_hosts_lookup+0x16709


---------------  P R O C E S S  ---------------

Java Threads: ( => current thread )
  0x0000000000b7a000 JavaThread "Service Thread" daemon [_thread_blocked, id=5393, stack(0x00007f944e20b000,0x00007f944e30c000)]
  0x0000000000b77800 JavaThread "C2 CompilerThread1" daemon [_thread_blocked, id=5392, stack(0x00007f944e30c000,0x00007f944e40d000)]
  0x0000000000b75000 JavaThread "C2 CompilerThread0" daemon [_thread_blocked, id=5391, stack(0x00007f944e40d000,0x00007f944e50e000)]
  0x0000000000b73000 JavaThread "Signal Dispatcher" daemon [_thread_blocked, id=5390, stack(0x00007f944e50e000,0x00007f944e60f000)]
  0x0000000000b1d000 JavaThread "Finalizer" daemon [_thread_blocked, id=5389, stack(0x00007f944ecf2000,0x00007f944edf3000)]
  0x0000000000b1b000 JavaThread "Reference Handler" daemon [_thread_blocked, id=5388, stack(0x00007f944edf3000,0x00007f944eef4000)]
=>0x0000000000a7d800 JavaThread "main" [_thread_in_vm, id=5386, stack(0x00007fff13a37000,0x00007fff13b37000)]

Other Threads:
  0x0000000000b12800 VMThread [stack: 0x00007f944eef4000,0x00007f944eff5000] [id=5387]
  0x0000000000b85000 WatcherThread [stack: 0x00007f944e10a000,0x00007f944e20b000] [id=5394]

VM state:not at safepoint (normal execution)

VM Mutex/Monitor currently owned by a thread: None

Heap
 def new generation   total 4800K, used 2748K [0x00000000d6800000, 0x00000000d6d30000, 0x00000000e0e00000)
  eden space 4288K,  64% used [0x00000000d6800000, 0x00000000d6aaee30, 0x00000000d6c30000)
  from space 512K,   0% used [0x00000000d6cb0000, 0x00000000d6cb0330, 0x00000000d6d30000)
  to   space 512K,   0% used [0x00000000d6c30000, 0x00000000d6c30000, 0x00000000d6cb0000)
 tenured generation   total 10624K, used 885K [0x00000000e0e00000, 0x00000000e1860000, 0x00000000f5a00000)
   the space 10624K,   8% used [0x00000000e0e00000, 0x00000000e0edd740, 0x00000000e0edd800, 0x00000000e1860000)
 compacting perm gen  total 21248K, used 4016K [0x00000000f5a00000, 0x00000000f6ec0000, 0x0000000100000000)
   the space 21248K,  18% used [0x00000000f5a00000, 0x00000000f5dec0b0, 0x00000000f5dec200, 0x00000000f6ec0000)
No shared spaces configured.

Card table byte_map: [0x00007f944f20e000,0x00007f944f35b000] byte_map_base: 0x00007f944eb5a000

Polling page: 0x00007f94554af000

Code Cache  [0x00007f944f35b000, 0x00007f944f5cb000, 0x00007f945235b000)
 total_blobs=282 nmethods=84 adapters=151 free_code_cache=48599Kb largest_free_block=49752064

Compilation events (10 events):
Event: 0.644 Thread 0x0000000000b75000 nmethod 78 0x00007f944f3e4d10 code [0x00007f944f3e4e80, 0x00007f944f3e5098]
Event: 0.644 Thread 0x0000000000b75000   79             il2.model.Table::createCompatible (16 bytes)
Event: 0.645 Thread 0x0000000000b75000 nmethod 79 0x00007f944f3e49d0 code [0x00007f944f3e4b20, 0x00007f944f3e4c08]
Event: 0.646 Thread 0x0000000000b77800 nmethod 76 0x00007f944f3e5ed0 code [0x00007f944f3e6080, 0x00007f944f3e6530]
Event: 0.660 Thread 0x0000000000b75000   80             il2.model.Table::divideRelevantInto (48 bytes)
Event: 0.662 Thread 0x0000000000b75000 nmethod 80 0x00007f944f3dab90 code [0x00007f944f3dad00, 0x00007f944f3daf78]
Event: 0.715 Thread 0x0000000000b77800   81             il2.util.IntSet::indexOf (11 bytes)
Event: 0.716 Thread 0x0000000000b77800 nmethod 81 0x00007f944f3db110 code [0x00007f944f3db260, 0x00007f944f3db398]
Event: 0.736 Thread 0x0000000000b77800   82             il2.inf.jointree.UnindexedHuginAlgorithm::initializeCluster (108 bytes)
Event: 0.752 Thread 0x0000000000b77800 nmethod 82 0x00007f944f3e7510 code [0x00007f944f3e7720, 0x00007f944f3e7e10]

GC Heap History (10 events):
Event: 0.757 GC heap before
{Heap before GC invocations=28 (full 0):
 def new generation   total 4800K, used 4288K [0x00000000d6800000, 0x00000000d6d30000, 0x00000000e0e00000)
  eden space 4288K, 100% used [0x00000000d6800000, 0x00000000d6c30000, 0x00000000d6c30000)
  from space 512K,   0% used [0x00000000d6c30000, 0x00000000d6c30258, 0x00000000d6cb0000)
  to   space 512K,   0% used [0x00000000d6cb0000, 0x00000000d6cb0000, 0x00000000d6d30000)
 tenured generation   total 10624K, used 885K [0x00000000e0e00000, 0x00000000e1860000, 0x00000000f5a00000)
   the space 10624K,   8% used [0x00000000e0e00000, 0x00000000e0edd740, 0x00000000e0edd800, 0x00000000e1860000)
 compacting perm gen  total 21248K, used 4015K [0x00000000f5a00000, 0x00000000f6ec0000, 0x0000000100000000)
   the space 21248K,  18% used [0x00000000f5a00000, 0x00000000f5debfa0, 0x00000000f5dec000, 0x00000000f6ec0000)
No shared spaces configured.
Event: 0.757 GC heap after
Heap after GC invocations=29 (full 0):
 def new generation   total 4800K, used 0K [0x00000000d6800000, 0x00000000d6d30000, 0x00000000e0e00000)
  eden space 4288K,   0% used [0x00000000d6800000, 0x00000000d6800000, 0x00000000d6c30000)
  from space 512K,   0% used [0x00000000d6cb0000, 0x00000000d6cb02d0, 0x00000000d6d30000)
  to   space 512K,   0% used [0x00000000d6c30000, 0x00000000d6c30000, 0x00000000d6cb0000)
 tenured generation   total 10624K, used 885K [0x00000000e0e00000, 0x00000000e1860000, 0x00000000f5a00000)
   the space 10624K,   8% used [0x00000000e0e00000, 0x00000000e0edd740, 0x00000000e0edd800, 0x00000000e1860000)
 compacting perm gen  total 21248K, used 4015K [0x00000000f5a00000, 0x00000000f6ec0000, 0x0000000100000000)
   the space 21248K,  18% used [0x00000000f5a00000, 0x00000000f5debfa0, 0x00000000f5dec000, 0x00000000f6ec0000)
No shared spaces configured.
}
Event: 0.761 GC heap before
{Heap before GC invocations=29 (full 0):
 def new generation   total 4800K, used 4288K [0x00000000d6800000, 0x00000000d6d30000, 0x00000000e0e00000)
  eden space 4288K, 100% used [0x00000000d6800000, 0x00000000d6c30000, 0x00000000d6c30000)
  from space 512K,   0% used [0x00000000d6cb0000, 0x00000000d6cb02d0, 0x00000000d6d30000)
  to   space 512K,   0% used [0x00000000d6c30000, 0x00000000d6c30000, 0x00000000d6cb0000)
 tenured generation   total 10624K, used 885K [0x00000000e0e00000, 0x00000000e1860000, 0x00000000f5a00000)
   the space 10624K,   8% used [0x00000000e0e00000, 0x00000000e0edd740, 0x00000000e0edd800, 0x00000000e1860000)
 compacting perm gen  total 21248K, used 4015K [0x00000000f5a00000, 0x00000000f6ec0000, 0x0000000100000000)
   the space 21248K,  18% used [0x00000000f5a00000, 0x00000000f5debfa0, 0x00000000f5dec000, 0x00000000f6ec0000)
No shared spaces configured.
Event: 0.762 GC heap after
Heap after GC invocations=30 (full 0):
 def new generation   total 4800K, used 0K [0x00000000d6800000, 0x00000000d6d30000, 0x00000000e0e00000)
  eden space 4288K,   0% used [0x00000000d6800000, 0x00000000d6800000, 0x00000000d6c30000)
  from space 512K,   0% used [0x00000000d6c30000, 0x00000000d6c30328, 0x00000000d6cb0000)
  to   space 512K,   0% used [0x00000000d6cb0000, 0x00000000d6cb0000, 0x00000000d6d30000)
 tenured generation   total 10624K, used 885K [0x00000000e0e00000, 0x00000000e1860000, 0x00000000f5a00000)
   the space 10624K,   8% used [0x00000000e0e00000, 0x00000000e0edd740, 0x00000000e0edd800, 0x00000000e1860000)
 compacting perm gen  total 21248K, used 4015K [0x00000000f5a00000, 0x00000000f6ec0000, 0x0000000100000000)
   the space 21248K,  18% used [0x00000000f5a00000, 0x00000000f5debfa0, 0x00000000f5dec000, 0x00000000f6ec0000)
No shared spaces configured.
}
Event: 0.766 GC heap before
{Heap before GC invocations=30 (full 0):
 def new generation   total 4800K, used 4288K [0x00000000d6800000, 0x00000000d6d30000, 0x00000000e0e00000)
  eden space 4288K, 100% used [0x00000000d6800000, 0x00000000d6c30000, 0x00000000d6c30000)
  from space 512K,   0% used [0x00000000d6c30000, 0x00000000d6c30328, 0x00000000d6cb0000)
  to   space 512K,   0% used [0x00000000d6cb0000, 0x00000000d6cb0000, 0x00000000d6d30000)
 tenured generation   total 10624K, used 885K [0x00000000e0e00000, 0x00000000e1860000, 0x00000000f5a00000)
   the space 10624K,   8% used [0x00000000e0e00000, 0x00000000e0edd740, 0x00000000e0edd800, 0x00000000e1860000)
 compacting perm gen  total 21248K, used 4015K [0x00000000f5a00000, 0x00000000f6ec0000, 0x0000000100000000)
   the space 21248K,  18% used [0x00000000f5a00000, 0x00000000f5debfa0, 0x00000000f5dec000, 0x00000000f6ec0000)
No shared spaces configured.
Event: 0.766 GC heap after
Heap after GC invocations=31 (full 0):
 def new generation   total 4800K, used 0K [0x00000000d6800000, 0x00000000d6d30000, 0x00000000e0e00000)
  eden space 4288K,   0% used [0x00000000d6800000, 0x00000000d6800000, 0x00000000d6c30000)
  from space 512K,   0% used [0x00000000d6cb0000, 0x00000000d6cb02e0, 0x00000000d6d30000)
  to   space 512K,   0% used [0x00000000d6c30000, 0x00000000d6c30000, 0x00000000d6cb0000)
 tenured generation   total 10624K, used 885K [0x00000000e0e00000, 0x00000000e1860000, 0x00000000f5a00000)
   the space 10624K,   8% used [0x00000000e0e00000, 0x00000000e0edd740, 0x00000000e0edd800, 0x00000000e1860000)
 compacting perm gen  total 21248K, used 4015K [0x00000000f5a00000, 0x00000000f6ec0000, 0x0000000100000000)
   the space 21248K,  18% used [0x00000000f5a00000, 0x00000000f5debfa0, 0x00000000f5dec000, 0x00000000f6ec0000)
No shared spaces configured.
}
Event: 0.770 GC heap before
{Heap before GC invocations=31 (full 0):
 def new generation   total 4800K, used 4288K [0x00000000d6800000, 0x00000000d6d30000, 0x00000000e0e00000)
  eden space 4288K, 100% used [0x00000000d6800000, 0x00000000d6c30000, 0x00000000d6c30000)
  from space 512K,   0% used [0x00000000d6cb0000, 0x00000000d6cb02e0, 0x00000000d6d30000)
  to   space 512K,   0% used [0x00000000d6c30000, 0x00000000d6c30000, 0x00000000d6cb0000)
 tenured generation   total 10624K, used 885K [0x00000000e0e00000, 0x00000000e1860000, 0x00000000f5a00000)
   the space 10624K,   8% used [0x00000000e0e00000, 0x00000000e0edd740, 0x00000000e0edd800, 0x00000000e1860000)
 compacting perm gen  total 21248K, used 4016K [0x00000000f5a00000, 0x00000000f6ec0000, 0x0000000100000000)
   the space 21248K,  18% used [0x00000000f5a00000, 0x00000000f5dec0b0, 0x00000000f5dec200, 0x00000000f6ec0000)
No shared spaces configured.
Event: 0.770 GC heap after
Heap after GC invocations=32 (full 0):
 def new generation   total 4800K, used 0K [0x00000000d6800000, 0x00000000d6d30000, 0x00000000e0e00000)
  eden space 4288K,   0% used [0x00000000d6800000, 0x00000000d6800000, 0x00000000d6c30000)
  from space 512K,   0% used [0x00000000d6c30000, 0x00000000d6c302d0, 0x00000000d6cb0000)
  to   space 512K,   0% used [0x00000000d6cb0000, 0x00000000d6cb0000, 0x00000000d6d30000)
 tenured generation   total 10624K, used 885K [0x00000000e0e00000, 0x00000000e1860000, 0x00000000f5a00000)
   the space 10624K,   8% used [0x00000000e0e00000, 0x00000000e0edd740, 0x00000000e0edd800, 0x00000000e1860000)
 compacting perm gen  total 21248K, used 4016K [0x00000000f5a00000, 0x00000000f6ec0000, 0x0000000100000000)
   the space 21248K,  18% used [0x00000000f5a00000, 0x00000000f5dec0b0, 0x00000000f5dec200, 0x00000000f6ec0000)
No shared spaces configured.
}
Event: 0.775 GC heap before
{Heap before GC invocations=32 (full 0):
 def new generation   total 4800K, used 4288K [0x00000000d6800000, 0x00000000d6d30000, 0x00000000e0e00000)
  eden space 4288K, 100% used [0x00000000d6800000, 0x00000000d6c30000, 0x00000000d6c30000)
  from space 512K,   0% used [0x00000000d6c30000, 0x00000000d6c302d0, 0x00000000d6cb0000)
  to   space 512K,   0% used [0x00000000d6cb0000, 0x00000000d6cb0000, 0x00000000d6d30000)
 tenured generation   total 10624K, used 885K [0x00000000e0e00000, 0x00000000e1860000, 0x00000000f5a00000)
   the space 10624K,   8% used [0x00000000e0e00000, 0x00000000e0edd740, 0x00000000e0edd800, 0x00000000e1860000)
 compacting perm gen  total 21248K, used 4016K [0x00000000f5a00000, 0x00000000f6ec0000, 0x0000000100000000)
   the space 21248K,  18% used [0x00000000f5a00000, 0x00000000f5dec0b0, 0x00000000f5dec200, 0x00000000f6ec0000)
No shared spaces configured.
Event: 0.775 GC heap after
Heap after GC invocations=33 (full 0):
 def new generation   total 4800K, used 0K [0x00000000d6800000, 0x00000000d6d30000, 0x00000000e0e00000)
  eden space 4288K,   0% used [0x00000000d6800000, 0x00000000d6800000, 0x00000000d6c30000)
  from space 512K,   0% used [0x00000000d6cb0000, 0x00000000d6cb0330, 0x00000000d6d30000)
  to   space 512K,   0% used [0x00000000d6c30000, 0x00000000d6c30000, 0x00000000d6cb0000)
 tenured generation   total 10624K, used 885K [0x00000000e0e00000, 0x00000000e1860000, 0x00000000f5a00000)
   the space 10624K,   8% used [0x00000000e0e00000, 0x00000000e0edd740, 0x00000000e0edd800, 0x00000000e1860000)
 compacting perm gen  total 21248K, used 4016K [0x00000000f5a00000, 0x00000000f6ec0000, 0x0000000100000000)
   the space 21248K,  18% used [0x00000000f5a00000, 0x00000000f5dec0b0, 0x00000000f5dec200, 0x00000000f6ec0000)
No shared spaces configured.
}

Deoptimization events (7 events):
Event: 0.130 Thread 0x0000000000a7d800 Uncommon trap -34 fr.pc 0x00007f944f3bdc8c
Event: 0.130 Thread 0x0000000000a7d800 Uncommon trap -34 fr.pc 0x00007f944f3bdc8c
Event: 0.130 Thread 0x0000000000a7d800 Uncommon trap -34 fr.pc 0x00007f944f3bdc8c
Event: 0.130 Thread 0x0000000000a7d800 Uncommon trap -34 fr.pc 0x00007f944f3bdc8c
Event: 0.161 Thread 0x0000000000a7d800 Uncommon trap 140 fr.pc 0x00007f944f3c2810
Event: 0.161 Thread 0x0000000000a7d800 Uncommon trap 140 fr.pc 0x00007f944f3c2360
Event: 0.161 Thread 0x0000000000a7d800 Uncommon trap 140 fr.pc 0x00007f944f3c1f84

Internal exceptions (10 events):
Event: 0.234 Thread 0x0000000000a7d800 Threw 0x00000000d682a4b8 at /build/buildd/openjdk-7-7u21-2.3.9/build/openjdk/hotspot/src/share/vm/prims/jvm.cpp:1166
Event: 0.235 Thread 0x0000000000a7d800 Threw 0x00000000d682d990 at /build/buildd/openjdk-7-7u21-2.3.9/build/openjdk/hotspot/src/share/vm/prims/jvm.cpp:1166
Event: 0.235 Thread 0x0000000000a7d800 Threw 0x00000000d6830850 at /build/buildd/openjdk-7-7u21-2.3.9/build/openjdk/hotspot/src/share/vm/prims/jvm.cpp:1166
Event: 0.237 Thread 0x0000000000a7d800 Threw 0x00000000d68387d8 at /build/buildd/openjdk-7-7u21-2.3.9/build/openjdk/hotspot/src/share/vm/prims/jvm.cpp:1166
Event: 0.238 Thread 0x0000000000a7d800 Threw 0x00000000d683ce50 at /build/buildd/openjdk-7-7u21-2.3.9/build/openjdk/hotspot/src/share/vm/prims/jvm.cpp:1166
Event: 0.238 Thread 0x0000000000a7d800 Threw 0x00000000d683fbe0 at /build/buildd/openjdk-7-7u21-2.3.9/build/openjdk/hotspot/src/share/vm/prims/jvm.cpp:1166
Event: 0.238 Thread 0x0000000000a7d800 Threw 0x00000000d6842538 at /build/buildd/openjdk-7-7u21-2.3.9/build/openjdk/hotspot/src/share/vm/prims/jvm.cpp:1166
Event: 0.239 Thread 0x0000000000a7d800 Threw 0x00000000d6846b30 at /build/buildd/openjdk-7-7u21-2.3.9/build/openjdk/hotspot/src/share/vm/prims/jvm.cpp:1166
Event: 0.240 Thread 0x0000000000a7d800 Threw 0x00000000d68580f0 at /build/buildd/openjdk-7-7u21-2.3.9/build/openjdk/hotspot/src/share/vm/prims/jvm.cpp:1166
Event: 0.241 Thread 0x0000000000a7d800 Threw 0x00000000d685b808 at /build/buildd/openjdk-7-7u21-2.3.9/build/openjdk/hotspot/src/share/vm/prims/jvm.cpp:1166

Events (10 events):
Event: 0.757 Executing VM operation: GenCollectForAllocation
Event: 0.757 Executing VM operation: GenCollectForAllocation done
Event: 0.761 Executing VM operation: GenCollectForAllocation
Event: 0.762 Executing VM operation: GenCollectForAllocation done
Event: 0.766 Executing VM operation: GenCollectForAllocation
Event: 0.766 Executing VM operation: GenCollectForAllocation done
Event: 0.770 Executing VM operation: GenCollectForAllocation
Event: 0.770 Executing VM operation: GenCollectForAllocation done
Event: 0.775 Executing VM operation: GenCollectForAllocation
Event: 0.775 Executing VM operation: GenCollectForAllocation done


Dynamic libraries:
00400000-00407000 r-xp 00000000 08:01 1572964                            /home/danghoa1/Work/EM/project/bin/em
00606000-00607000 r--p 00006000 08:01 1572964                            /home/danghoa1/Work/EM/project/bin/em
00607000-00608000 rw-p 00007000 08:01 1572964                            /home/danghoa1/Work/EM/project/bin/em
00a6a000-00c4c000 rw-p 00000000 00:00 0                                  [heap]
d6800000-d6d30000 rw-p 00000000 00:00 0 
d6d30000-e0e00000 rw-p 00000000 00:00 0 
e0e00000-e1860000 rw-p 00000000 00:00 0 
e1860000-f5a00000 rw-p 00000000 00:00 0 
f5a00000-f6ec0000 rw-p 00000000 00:00 0 
f6ec0000-100000000 rw-p 00000000 00:00 0 
7f9428000000-7f9428021000 rw-p 00000000 00:00 0 
7f9428021000-7f942c000000 ---p 00000000 00:00 0 
7f9430000000-7f94301be000 rw-p 00000000 00:00 0 
7f94301be000-7f9434000000 ---p 00000000 00:00 0 
7f9434000000-7f9434021000 rw-p 00000000 00:00 0 
7f9434021000-7f9438000000 ---p 00000000 00:00 0 
7f9438000000-7f9438021000 rw-p 00000000 00:00 0 
7f9438021000-7f943c000000 ---p 00000000 00:00 0 
7f943c000000-7f943c48d000 rw-p 00000000 00:00 0 
7f943c48d000-7f9440000000 ---p 00000000 00:00 0 
7f9440000000-7f9440021000 rw-p 00000000 00:00 0 
7f9440021000-7f9444000000 ---p 00000000 00:00 0 
7f9444000000-7f9444021000 rw-p 00000000 00:00 0 
7f9444021000-7f9448000000 ---p 00000000 00:00 0 
7f9448000000-7f9448021000 rw-p 00000000 00:00 0 
7f9448021000-7f944c000000 ---p 00000000 00:00 0 
7f944e0e2000-7f944e0e3000 rw-p 00000000 00:00 0 
7f944e0e3000-7f944e0ec000 r--s 000bc000 08:01 3551751                    /usr/lib/jvm/java-7-openjdk-common/jre/lib/resources.jar
7f944e0ec000-7f944e103000 r--s 00167000 08:01 1319972                    /home/danghoa1/Work/EM/project/libs/inflib.jar
7f944e103000-7f944e106000 r--s 0000f000 08:01 3677656                    /usr/lib/jvm/java-7-openjdk-common/jre/lib/ext/pulse-java.jar
7f944e106000-7f944e10a000 r--s 00085000 08:01 3677654                    /usr/lib/jvm/java-7-openjdk-common/jre/lib/ext/localedata.jar
7f944e10a000-7f944e10b000 ---p 00000000 00:00 0 
7f944e10b000-7f944e20b000 rw-p 00000000 00:00 0 
7f944e20b000-7f944e20e000 ---p 00000000 00:00 0 
7f944e20e000-7f944e30c000 rw-p 00000000 00:00 0 
7f944e30c000-7f944e30f000 ---p 00000000 00:00 0 
7f944e30f000-7f944e40d000 rw-p 00000000 00:00 0 
7f944e40d000-7f944e410000 ---p 00000000 00:00 0 
7f944e410000-7f944e50e000 rw-p 00000000 00:00 0 
7f944e50e000-7f944e511000 ---p 00000000 00:00 0 
7f944e511000-7f944e60f000 rw-p 00000000 00:00 0 
7f944e60f000-7f944ecf2000 r--p 00000000 08:01 3021552                    /usr/lib/locale/locale-archive
7f944ecf2000-7f944ecf5000 ---p 00000000 00:00 0 
7f944ecf5000-7f944edf3000 rw-p 00000000 00:00 0 
7f944edf3000-7f944edf6000 ---p 00000000 00:00 0 
7f944edf6000-7f944eef4000 rw-p 00000000 00:00 0 
7f944eef4000-7f944eef5000 ---p 00000000 00:00 0 
7f944eef5000-7f944f061000 rw-p 00000000 00:00 0 
7f944f061000-7f944f20e000 r--s 01cde000 08:01 3933539                    /usr/lib/jvm/java-7-openjdk-amd64/jre/lib/rt.jar
7f944f20e000-7f944f211000 rw-p 00000000 00:00 0 
7f944f211000-7f944f261000 rw-p 00000000 00:00 0 
7f944f261000-7f944f267000 rw-p 00000000 00:00 0 
7f944f267000-7f944f307000 rw-p 00000000 00:00 0 
7f944f307000-7f944f312000 rw-p 00000000 00:00 0 
7f944f312000-7f944f35a000 rw-p 00000000 00:00 0 
7f944f35a000-7f944f35b000 rw-p 00000000 00:00 0 
7f944f35b000-7f944f5cb000 rwxp 00000000 00:00 0 
7f944f5cb000-7f945235b000 rw-p 00000000 00:00 0 
7f945235b000-7f9452371000 r-xp 00000000 08:01 3411627                    /lib/x86_64-linux-gnu/libz.so.1.2.3.4
7f9452371000-7f9452570000 ---p 00016000 08:01 3411627                    /lib/x86_64-linux-gnu/libz.so.1.2.3.4
7f9452570000-7f9452571000 r--p 00015000 08:01 3411627                    /lib/x86_64-linux-gnu/libz.so.1.2.3.4
7f9452571000-7f9452572000 rw-p 00016000 08:01 3411627                    /lib/x86_64-linux-gnu/libz.so.1.2.3.4
7f9452572000-7f945257a000 r-xp 00000000 08:01 277298                     /usr/lib/jvm/java-7-openjdk-amd64/jre/lib/amd64/libzip.so
7f945257a000-7f9452779000 ---p 00008000 08:01 277298                     /usr/lib/jvm/java-7-openjdk-amd64/jre/lib/amd64/libzip.so
7f9452779000-7f945277a000 r--p 00007000 08:01 277298                     /usr/lib/jvm/java-7-openjdk-amd64/jre/lib/amd64/libzip.so
7f945277a000-7f945277b000 rw-p 00008000 08:01 277298                     /usr/lib/jvm/java-7-openjdk-amd64/jre/lib/amd64/libzip.so
7f945277b000-7f9452787000 r-xp 00000000 08:01 3418991                    /lib/x86_64-linux-gnu/libnss_files-2.15.so
7f9452787000-7f9452986000 ---p 0000c000 08:01 3418991                    /lib/x86_64-linux-gnu/libnss_files-2.15.so
7f9452986000-7f9452987000 r--p 0000b000 08:01 3418991                    /lib/x86_64-linux-gnu/libnss_files-2.15.so
7f9452987000-7f9452988000 rw-p 0000c000 08:01 3418991                    /lib/x86_64-linux-gnu/libnss_files-2.15.so
7f9452988000-7f9452992000 r-xp 00000000 08:01 3418987                    /lib/x86_64-linux-gnu/libnss_nis-2.15.so
7f9452992000-7f9452b92000 ---p 0000a000 08:01 3418987                    /lib/x86_64-linux-gnu/libnss_nis-2.15.so
7f9452b92000-7f9452b93000 r--p 0000a000 08:01 3418987                    /lib/x86_64-linux-gnu/libnss_nis-2.15.so
7f9452b93000-7f9452b94000 rw-p 0000b000 08:01 3418987                    /lib/x86_64-linux-gnu/libnss_nis-2.15.so
7f9452b94000-7f9452bab000 r-xp 00000000 08:01 3419000                    /lib/x86_64-linux-gnu/libnsl-2.15.so
7f9452bab000-7f9452daa000 ---p 00017000 08:01 3419000                    /lib/x86_64-linux-gnu/libnsl-2.15.so
7f9452daa000-7f9452dab000 r--p 00016000 08:01 3419000                    /lib/x86_64-linux-gnu/libnsl-2.15.so
7f9452dab000-7f9452dac000 rw-p 00017000 08:01 3419000                    /lib/x86_64-linux-gnu/libnsl-2.15.so
7f9452dac000-7f9452dae000 rw-p 00000000 00:00 0 
7f9452dae000-7f9452db6000 r-xp 00000000 08:01 3418992                    /lib/x86_64-linux-gnu/libnss_compat-2.15.so
7f9452db6000-7f9452fb5000 ---p 00008000 08:01 3418992                    /lib/x86_64-linux-gnu/libnss_compat-2.15.so
7f9452fb5000-7f9452fb6000 r--p 00007000 08:01 3418992                    /lib/x86_64-linux-gnu/libnss_compat-2.15.so
7f9452fb6000-7f9452fb7000 rw-p 00008000 08:01 3418992                    /lib/x86_64-linux-gnu/libnss_compat-2.15.so
7f9452fb7000-7f9452fe0000 r-xp 00000000 08:01 277297                     /usr/lib/jvm/java-7-openjdk-amd64/jre/lib/amd64/libjava.so
7f9452fe0000-7f94531df000 ---p 00029000 08:01 277297                     /usr/lib/jvm/java-7-openjdk-amd64/jre/lib/amd64/libjava.so
7f94531df000-7f94531e0000 r--p 00028000 08:01 277297                     /usr/lib/jvm/java-7-openjdk-amd64/jre/lib/amd64/libjava.so
7f94531e0000-7f94531e2000 rw-p 00029000 08:01 277297                     /usr/lib/jvm/java-7-openjdk-amd64/jre/lib/amd64/libjava.so
7f94531e2000-7f94531f0000 r-xp 00000000 08:01 277321                     /usr/lib/jvm/java-7-openjdk-amd64/jre/lib/amd64/libverify.so
7f94531f0000-7f94533ef000 ---p 0000e000 08:01 277321                     /usr/lib/jvm/java-7-openjdk-amd64/jre/lib/amd64/libverify.so
7f94533ef000-7f94533f1000 r--p 0000d000 08:01 277321                     /usr/lib/jvm/java-7-openjdk-amd64/jre/lib/amd64/libverify.so
7f94533f1000-7f94533f2000 rw-p 0000f000 08:01 277321                     /usr/lib/jvm/java-7-openjdk-amd64/jre/lib/amd64/libverify.so
7f94533f2000-7f94533f9000 r-xp 00000000 08:01 3418985                    /lib/x86_64-linux-gnu/librt-2.15.so
7f94533f9000-7f94535f8000 ---p 00007000 08:01 3418985                    /lib/x86_64-linux-gnu/librt-2.15.so
7f94535f8000-7f94535f9000 r--p 00006000 08:01 3418985                    /lib/x86_64-linux-gnu/librt-2.15.so
7f94535f9000-7f94535fa000 rw-p 00007000 08:01 3418985                    /lib/x86_64-linux-gnu/librt-2.15.so
7f94535fa000-7f94535fc000 r-xp 00000000 08:01 3416765                    /lib/x86_64-linux-gnu/libdl-2.15.so
7f94535fc000-7f94537fc000 ---p 00002000 08:01 3416765                    /lib/x86_64-linux-gnu/libdl-2.15.so
7f94537fc000-7f94537fd000 r--p 00002000 08:01 3416765                    /lib/x86_64-linux-gnu/libdl-2.15.so
7f94537fd000-7f94537fe000 rw-p 00003000 08:01 3416765                    /lib/x86_64-linux-gnu/libdl-2.15.so
7f94537fe000-7f94538f9000 r-xp 00000000 08:01 3418989                    /lib/x86_64-linux-gnu/libm-2.15.so
7f94538f9000-7f9453af8000 ---p 000fb000 08:01 3418989                    /lib/x86_64-linux-gnu/libm-2.15.so
7f9453af8000-7f9453af9000 r--p 000fa000 08:01 3418989                    /lib/x86_64-linux-gnu/libm-2.15.so
7f9453af9000-7f9453afa000 rw-p 000fb000 08:01 3418989                    /lib/x86_64-linux-gnu/libm-2.15.so
7f9453afa000-7f9453b12000 r-xp 00000000 08:01 3418983                    /lib/x86_64-linux-gnu/libpthread-2.15.so
7f9453b12000-7f9453d11000 ---p 00018000 08:01 3418983                    /lib/x86_64-linux-gnu/libpthread-2.15.so
7f9453d11000-7f9453d12000 r--p 00017000 08:01 3418983                    /lib/x86_64-linux-gnu/libpthread-2.15.so
7f9453d12000-7f9453d13000 rw-p 00018000 08:01 3418983                    /lib/x86_64-linux-gnu/libpthread-2.15.so
7f9453d13000-7f9453d17000 rw-p 00000000 00:00 0 
7f9453d17000-7f9453ecc000 r-xp 00000000 08:01 3418981                    /lib/x86_64-linux-gnu/libc-2.15.so
7f9453ecc000-7f94540cb000 ---p 001b5000 08:01 3418981                    /lib/x86_64-linux-gnu/libc-2.15.so
7f94540cb000-7f94540cf000 r--p 001b4000 08:01 3418981                    /lib/x86_64-linux-gnu/libc-2.15.so
7f94540cf000-7f94540d1000 rw-p 001b8000 08:01 3418981                    /lib/x86_64-linux-gnu/libc-2.15.so
7f94540d1000-7f94540d6000 rw-p 00000000 00:00 0 
7f94540d6000-7f94540eb000 r-xp 00000000 08:01 3411537                    /lib/x86_64-linux-gnu/libgcc_s.so.1
7f94540eb000-7f94542ea000 ---p 00015000 08:01 3411537                    /lib/x86_64-linux-gnu/libgcc_s.so.1
7f94542ea000-7f94542eb000 r--p 00014000 08:01 3411537                    /lib/x86_64-linux-gnu/libgcc_s.so.1
7f94542eb000-7f94542ec000 rw-p 00015000 08:01 3411537                    /lib/x86_64-linux-gnu/libgcc_s.so.1
7f94542ec000-7f94543ce000 r-xp 00000000 08:01 3022861                    /usr/lib/x86_64-linux-gnu/libstdc++.so.6.0.16
7f94543ce000-7f94545cd000 ---p 000e2000 08:01 3022861                    /usr/lib/x86_64-linux-gnu/libstdc++.so.6.0.16
7f94545cd000-7f94545d5000 r--p 000e1000 08:01 3022861                    /usr/lib/x86_64-linux-gnu/libstdc++.so.6.0.16
7f94545d5000-7f94545d7000 rw-p 000e9000 08:01 3022861                    /usr/lib/x86_64-linux-gnu/libstdc++.so.6.0.16
7f94545d7000-7f94545ec000 rw-p 00000000 00:00 0 
7f94545ec000-7f9454fc6000 r-xp 00000000 08:01 393822                     /usr/lib/jvm/java-7-openjdk-amd64/jre/lib/amd64/server/libjvm.so
7f9454fc6000-7f94551c5000 ---p 009da000 08:01 393822                     /usr/lib/jvm/java-7-openjdk-amd64/jre/lib/amd64/server/libjvm.so
7f94551c5000-7f9455244000 r--p 009d9000 08:01 393822                     /usr/lib/jvm/java-7-openjdk-amd64/jre/lib/amd64/server/libjvm.so
7f9455244000-7f9455267000 rw-p 00a58000 08:01 393822                     /usr/lib/jvm/java-7-openjdk-amd64/jre/lib/amd64/server/libjvm.so
7f9455267000-7f9455291000 rw-p 00000000 00:00 0 
7f9455291000-7f94552b3000 r-xp 00000000 08:01 3418995                    /lib/x86_64-linux-gnu/ld-2.15.so
7f94552b3000-7f94552b5000 r--s 00012000 08:01 3677658                    /usr/lib/jvm/java-7-openjdk-common/jre/lib/ext/zipfs.jar
7f94552b5000-7f94552b6000 r--s 00002000 08:01 3677657                    /usr/lib/jvm/java-7-openjdk-common/jre/lib/ext/dnsns.jar
7f94552b6000-7f94552e9000 rw-p 00000000 00:00 0 
7f94552e9000-7f9455332000 rw-p 00000000 00:00 0 
7f9455332000-7f9455338000 rw-p 00000000 00:00 0 
7f9455338000-7f94553d9000 rw-p 00000000 00:00 0 
7f94553d9000-7f94553e3000 rw-p 00000000 00:00 0 
7f94553e3000-7f9455499000 rw-p 00000000 00:00 0 
7f9455499000-7f945549f000 rw-p 00000000 00:00 0 
7f945549f000-7f94554a2000 r--s 00032000 08:01 3677655                    /usr/lib/jvm/java-7-openjdk-common/jre/lib/ext/sunjce_provider.jar
7f94554a2000-7f94554a3000 r--s 00007000 08:01 3293875                    /usr/share/java/java-atk-wrapper.jar
7f94554a3000-7f94554a6000 r--s 0003c000 08:01 3677653                    /usr/lib/jvm/java-7-openjdk-common/jre/lib/ext/sunpkcs11.jar
7f94554a6000-7f94554ae000 rw-s 00000000 08:01 3933661                    /tmp/hsperfdata_danghoa1/5386
7f94554ae000-7f94554af000 rw-p 00000000 00:00 0 
7f94554af000-7f94554b0000 r--p 00000000 00:00 0 
7f94554b0000-7f94554b3000 rw-p 00000000 00:00 0 
7f94554b3000-7f94554b4000 r--p 00022000 08:01 3418995                    /lib/x86_64-linux-gnu/ld-2.15.so
7f94554b4000-7f94554b6000 rw-p 00023000 08:01 3418995                    /lib/x86_64-linux-gnu/ld-2.15.so
7fff13a37000-7fff13a3a000 ---p 00000000 00:00 0 
7fff13a3b000-7fff13b37000 rw-p 00000000 00:00 0                          [stack]
7fff13bff000-7fff13c00000 r-xp 00000000 00:00 0                          [vdso]
ffffffffff600000-ffffffffff601000 r-xp 00000000 00:00 0                  [vsyscall]

VM Arguments:
java_command: <unknown>
Launcher Type: generic

Environment Variables:
JAVA_HOME=/usr/lib/jvm/java-7-openjdk-amd64/
PATH=/usr/lib/lightdm/lightdm:/usr/local/sbin:/usr/local/bin:/usr/sbin:/usr/bin:/sbin:/bin:/usr/games
LD_LIBRARY_PATH=:/usr/lib/jvm/java-7-openjdk-amd64//jre/lib/amd64:/usr/lib/jvm/java-7-openjdk-amd64//jre/lib/amd64/server/
SHELL=/bin/bash
DISPLAY=:0

Signal Handlers:
SIGSEGV: [libjvm.so+0x83e8f0], sa_mask[0]=0x7ffbfeff, sa_flags=0x10000004
SIGBUS: [libjvm.so+0x83e8f0], sa_mask[0]=0x7ffbfeff, sa_flags=0x10000004
SIGFPE: [libjvm.so+0x6df160], sa_mask[0]=0x7ffbfeff, sa_flags=0x10000004
SIGPIPE: [libjvm.so+0x6df160], sa_mask[0]=0x7ffbfeff, sa_flags=0x10000004
SIGXFSZ: [libjvm.so+0x6df160], sa_mask[0]=0x7ffbfeff, sa_flags=0x10000004
SIGILL: [libjvm.so+0x6df160], sa_mask[0]=0x7ffbfeff, sa_flags=0x10000004
SIGUSR1: SIG_DFL, sa_mask[0]=0x00000000, sa_flags=0x00000000
SIGUSR2: [libjvm.so+0x6df5a0], sa_mask[0]=0x00000000, sa_flags=0x10000004
SIGHUP: [libjvm.so+0x6df6e0], sa_mask[0]=0x7ffbfeff, sa_flags=0x10000004
SIGINT: [libjvm.so+0x6df6e0], sa_mask[0]=0x7ffbfeff, sa_flags=0x10000004
SIGTERM: [libjvm.so+0x6df6e0], sa_mask[0]=0x7ffbfeff, sa_flags=0x10000004
SIGQUIT: [libjvm.so+0x6df6e0], sa_mask[0]=0x7ffbfeff, sa_flags=0x10000004


---------------  S Y S T E M  ---------------

OS:Ubuntu 12.04 (precise)
uname:Linux 3.2.0-41-generic #66-Ubuntu SMP Thu Apr 25 03:27:11 UTC 2013 x86_64
libc:glibc 2.15 NPTL 2.15 
rlimit: STACK 8192k, CORE 0k, NPROC 7813, NOFILE 4096, AS infinity
load average:0.32 0.11 0.07

/proc/meminfo:
MemTotal:        1017764 kB
MemFree:          202704 kB
Buffers:           22760 kB
Cached:           324988 kB
SwapCached:        12200 kB
Active:           303868 kB
Inactive:         418308 kB
Active(anon):     121896 kB
Inactive(anon):   253348 kB
Active(file):     181972 kB
Inactive(file):   164960 kB
Unevictable:          32 kB
Mlocked:              32 kB
SwapTotal:       1046524 kB
SwapFree:        1032052 kB
Dirty:                56 kB
Writeback:             0 kB
AnonPages:        362740 kB
Mapped:            88816 kB
Shmem:               764 kB
Slab:              45524 kB
SReclaimable:      27100 kB
SUnreclaim:        18424 kB
KernelStack:        2664 kB
PageTables:        22032 kB
NFS_Unstable:          0 kB
Bounce:                0 kB
WritebackTmp:          0 kB
CommitLimit:     1555404 kB
Committed_AS:    2100856 kB
VmallocTotal:   34359738367 kB
VmallocUsed:       10004 kB
VmallocChunk:   34359697036 kB
HardwareCorrupted:     0 kB
AnonHugePages:         0 kB
HugePages_Total:       0
HugePages_Free:        0
HugePages_Rsvd:        0
HugePages_Surp:        0
Hugepagesize:       2048 kB
DirectMap4k:       38848 kB
DirectMap2M:     1009664 kB


CPU:total 1 (1 cores per cpu, 1 threads per core) family 6 model 42 stepping 7, cmov, cx8, fxsr, mmx, sse, sse2, sse3, ssse3, sse4.1, sse4.2, popcnt, avx, tsc, tscinvbit

/proc/cpuinfo:
processor	: 0
vendor_id	: GenuineIntel
cpu family	: 6
model		: 42
model name	: Intel(R) Core(TM) i7-2720QM CPU @ 2.20GHz
stepping	: 7
cpu MHz		: 2200.000
cache size	: 6144 KB
fpu		: yes
fpu_exception	: yes
cpuid level	: 13
wp		: yes
flags		: fpu vme de pse tsc msr pae mce cx8 apic sep mtrr pge mca cmov pat pse36 clflush mmx fxsr sse sse2 ss ht syscall nx lm constant_tsc up arch_perfmon nopl nonstop_tsc aperfmperf pni pclmulqdq ssse3 cx16 sse4_1 sse4_2 x2apic popcnt aes xsave avx hypervisor lahf_lm ida arat epb pln pts dtherm
bogomips	: 4400.00
clflush size	: 64
cache_alignment	: 64
address sizes	: 40 bits physical, 48 bits virtual
power management:



Memory: 4k page, physical 1017764k(202704k free), swap 1046524k(1032052k free)

vm_info: OpenJDK 64-Bit Server VM (23.7-b01) for linux-amd64 JRE (1.7.0_21-b02), built on Apr 23 2013 13:56:55 by "buildd" with gcc 4.6.3

time: Fri May 10 05:51:32 2013
elapsed time: 0 seconds

