#
# A fatal error has been detected by the Java Runtime Environment:
#
#  SIGSEGV (0xb) at pc=0x00007fb5f6559059, pid=5446, tid=140419521922880
#
# JRE version: 7.0_21-b02
# Java VM: OpenJDK 64-Bit Server VM (23.7-b01 mixed mode linux-amd64 compressed oops)
# Problematic frame:
# C  [libc.so.6+0x148059]  __nss_hosts_lookup+0x16709
#
# Failed to write core dump. Core dumps have been disabled. To enable core dumping, try "ulimit -c unlimited" before starting Java again
#
# If you would like to submit a bug report, please include
# instructions on how to reproduce the bug and visit:
#   https://bugs.launchpad.net/ubuntu/+source/openjdk-7/
#

---------------  T H R E A D  ---------------

Current thread (0x000000000130e800):  JavaThread "main" [_thread_in_vm, id=5446, stack(0x00007fff782f8000,0x00007fff783f8000)]

siginfo:si_signo=SIGSEGV: si_errno=0, si_code=1 (SEGV_MAPERR), si_addr=0x0000000000000084

Registers:
RAX=0x00000000d6aa5c58, RBX=0x000000000130e800, RCX=0x0000000000010000, RDX=0x0000000000000094
RSP=0x00007fff783f6828, RBP=0x00007fff783f68a0, RSI=0x0000000000000094, RDI=0x00000000d6aa5cec
R8 =0x0000000000000000, R9 =0x0000000000000012, R10=0x0000000000000012, R11=0x00000000d6aa5ae0
R12=0x000000000130ff20, R13=0x0000000000000094, R14=0x0000000000000000, R15=0x0000000000000000
RIP=0x00007fb5f6559059, EFLAGS=0x0000000000010202, CSGSFS=0x0000000000000033, ERR=0x0000000000000004
  TRAPNO=0x000000000000000e

Top of Stack: (sp=0x00007fff783f6828)
0x00007fff783f6828:   00007fb5f7210509 000000000130e800
0x00007fff783f6838:   0000000000000000 000000000130e800
0x00007fff783f6848:   0000000000000000 000000000130e800
0x00007fff783f6858:   00000000000000d8 000000000130e800
0x00007fff783f6868:   00007fb5f720e925 000000000130e800
0x00007fff783f6878:   000000000130e9d8 000000000130ff20
0x00007fff783f6888:   0000000000000025 0000000000000000
0x00007fff783f6898:   00000000014b5170 00000000014177c0
0x00007fff783f68a8:   00000000004052fe 00000000014b6800
0x00007fff783f68b8:   000000000000001b 00000000000000d8
0x00007fff783f68c8:   0000000000000094 00007fff783f69d0
0x00007fff783f68d8:   00000000004023f5 00000000012fb860
0x00007fff783f68e8:   00007fff783f74c0 3ff0000000000000
0x00007fff783f68f8:   0000000000000013 000000000000000a
0x00007fff783f6908:   0000000000000000 00000000012fb530
0x00007fff783f6918:   0000007f00000025 00000000000003f8
0x00007fff783f6928:   0000000000000000 00007fb5f7949320
0x00007fff783f6938:   00000000014177c0 0000000000000025
0x00007fff783f6948:   00000000012fd980 00000000012fd8e0
0x00007fff783f6958:   00007fb5f6a79abb 00000000012fdb50
0x00007fff783f6968:   00000000012fb860 00007fff783f74c0
0x00007fff783f6978:   00007fb5f64bfc8a 0000000000000000
0x00007fff783f6988:   0000000000405a09 00007fff783f74c0
0x00007fff783f6998:   0000000000000002 0000000000000000
0x00007fff783f69a8:   00000000ffffffff 00007fff783f74c0
0x00007fff783f69b8:   0000000000401e89 00007fb500000001
0x00007fff783f69c8:   0000000000000001 00007fb500000025
0x00007fff783f69d8:   00000000012fd980 00000000012fd8e0
0x00007fff783f69e8:   00000000012fd7b0 00000000012fdb50
0x00007fff783f69f8:   00000000012fda20 00007fff783f74c0
0x00007fff783f6a08:   00007f0100000002 00000000012ff900
0x00007fff783f6a18:   0000000000000400 0000000000000000 

Instructions: (pc=0x00007fb5f6559059)
0x00007fb5f6559039:   1f 84 00 00 00 00 00 48 8b 0d f9 01 27 00 48 d1
0x00007fb5f6559049:   e1 48 39 ca 0f 87 7d 19 00 00 48 01 d7 48 01 d6
0x00007fb5f6559059:   f3 0f 6f 46 f0 4c 8d 47 f0 49 89 f9 49 83 e1 0f
0x00007fb5f6559069:   4c 31 cf 4c 29 ce 4c 29 ca 49 89 f1 49 83 e1 0f 

Register to memory mapping:

RAX=0x00000000d6aa5c58 is an oop
[I 
 - klass: {type array int}
 - length: 37
RBX=0x000000000130e800 is a thread
RCX=0x0000000000010000 is an unknown value
RDX=0x0000000000000094 is an unknown value
RSP=0x00007fff783f6828 is pointing into the stack for thread: 0x000000000130e800
RBP=0x00007fff783f68a0 is pointing into the stack for thread: 0x000000000130e800
RSI=0x0000000000000094 is an unknown value
RDI=0x00000000d6aa5cec is an oop
[I 
 - klass: {type array int}
 - length: 37
R8 =0x0000000000000000 is an unknown value
R9 =0x0000000000000012 is an unknown value
R10=0x0000000000000012 is an unknown value
R11=0x00000000d6aa5ae0 is an oop
[D 
 - klass: {type array double}
 - length: 27
R12=0x000000000130ff20 is an unknown value
R13=0x0000000000000094 is an unknown value
R14=0x0000000000000000 is an unknown value
R15=0x0000000000000000 is an unknown value


Stack: [0x00007fff782f8000,0x00007fff783f8000],  sp=0x00007fff783f6828,  free space=1018k
Native frames: (J=compiled Java code, j=interpreted, Vv=VM code, C=native code)
C  [libc.so.6+0x148059]  __nss_hosts_lookup+0x16709


---------------  P R O C E S S  ---------------

Java Threads: ( => current thread )
  0x000000000140b000 JavaThread "Service Thread" daemon [_thread_blocked, id=5453, stack(0x00007fb5f0905000,0x00007fb5f0a06000)]
  0x0000000001408800 JavaThread "C2 CompilerThread1" daemon [_thread_blocked, id=5452, stack(0x00007fb5f0a06000,0x00007fb5f0b07000)]
  0x0000000001406000 JavaThread "C2 CompilerThread0" daemon [_thread_blocked, id=5451, stack(0x00007fb5f0b07000,0x00007fb5f0c08000)]
  0x0000000001404000 JavaThread "Signal Dispatcher" daemon [_thread_blocked, id=5450, stack(0x00007fb5f0c08000,0x00007fb5f0d09000)]
  0x00000000013ae000 JavaThread "Finalizer" daemon [_thread_blocked, id=5449, stack(0x00007fb5f13ec000,0x00007fb5f14ed000)]
  0x00000000013ac000 JavaThread "Reference Handler" daemon [_thread_blocked, id=5448, stack(0x00007fb5f14ed000,0x00007fb5f15ee000)]
=>0x000000000130e800 JavaThread "main" [_thread_in_vm, id=5446, stack(0x00007fff782f8000,0x00007fff783f8000)]

Other Threads:
  0x00000000013a3800 VMThread [stack: 0x00007fb5f15ee000,0x00007fb5f16ef000] [id=5447]
  0x0000000001416000 WatcherThread [stack: 0x00007fb5f0804000,0x00007fb5f0905000] [id=5454]

VM state:not at safepoint (normal execution)

VM Mutex/Monitor currently owned by a thread: None

Heap
 def new generation   total 4800K, used 2748K [0x00000000d6800000, 0x00000000d6d30000, 0x00000000e0e00000)
  eden space 4288K,  64% used [0x00000000d6800000, 0x00000000d6aaee30, 0x00000000d6c30000)
  from space 512K,   0% used [0x00000000d6cb0000, 0x00000000d6cb0330, 0x00000000d6d30000)
  to   space 512K,   0% used [0x00000000d6c30000, 0x00000000d6c30000, 0x00000000d6cb0000)
 tenured generation   total 10624K, used 885K [0x00000000e0e00000, 0x00000000e1860000, 0x00000000f5a00000)
   the space 10624K,   8% used [0x00000000e0e00000, 0x00000000e0edd740, 0x00000000e0edd800, 0x00000000e1860000)
 compacting perm gen  total 21248K, used 4016K [0x00000000f5a00000, 0x00000000f6ec0000, 0x0000000100000000)
   the space 21248K,  18% used [0x00000000f5a00000, 0x00000000f5dec0b0, 0x00000000f5dec200, 0x00000000f6ec0000)
No shared spaces configured.

Card table byte_map: [0x00007fb5f1908000,0x00007fb5f1a55000] byte_map_base: 0x00007fb5f1254000

Polling page: 0x00007fb5f7ba9000

Code Cache  [0x00007fb5f1a55000, 0x00007fb5f1cc5000, 0x00007fb5f4a55000)
 total_blobs=285 nmethods=87 adapters=151 free_code_cache=48593Kb largest_free_block=49745088

Compilation events (10 events):
Event: 0.669 Thread 0x0000000001406000 nmethod 79 0x00007fb5f1ae1b10 code [0x00007fb5f1ae1ca0, 0x00007fb5f1ae2050]
Event: 0.669 Thread 0x0000000001406000   82             il2.model.Table::createCompatible (16 bytes)
Event: 0.675 Thread 0x0000000001408800 nmethod 81 0x00007fb5f1ae2510 code [0x00007fb5f1ae2680, 0x00007fb5f1ae2898]
Event: 0.677 Thread 0x0000000001406000 nmethod 82 0x00007fb5f1ad4f90 code [0x00007fb5f1ad50e0, 0x00007fb5f1ad51c8]
Event: 0.690 Thread 0x0000000001408800   83             il2.model.Table::divideRelevantInto (48 bytes)
Event: 0.693 Thread 0x0000000001408800 nmethod 83 0x00007fb5f1ac7b50 code [0x00007fb5f1ac7cc0, 0x00007fb5f1ac7f38]
Event: 0.747 Thread 0x0000000001408800   84             il2.util.IntSet::indexOf (11 bytes)
Event: 0.749 Thread 0x0000000001408800 nmethod 84 0x00007fb5f1ad64d0 code [0x00007fb5f1ad6620, 0x00007fb5f1ad6758]
Event: 0.769 Thread 0x0000000001408800   85             il2.inf.jointree.UnindexedHuginAlgorithm::initializeCluster (108 bytes)
Event: 0.784 Thread 0x0000000001408800 nmethod 85 0x00007fb5f1ae3050 code [0x00007fb5f1ae3260, 0x00007fb5f1ae3950]

GC Heap History (10 events):
Event: 0.789 GC heap before
{Heap before GC invocations=28 (full 0):
 def new generation   total 4800K, used 4288K [0x00000000d6800000, 0x00000000d6d30000, 0x00000000e0e00000)
  eden space 4288K, 100% used [0x00000000d6800000, 0x00000000d6c30000, 0x00000000d6c30000)
  from space 512K,   0% used [0x00000000d6c30000, 0x00000000d6c30258, 0x00000000d6cb0000)
  to   space 512K,   0% used [0x00000000d6cb0000, 0x00000000d6cb0000, 0x00000000d6d30000)
 tenured generation   total 10624K, used 885K [0x00000000e0e00000, 0x00000000e1860000, 0x00000000f5a00000)
   the space 10624K,   8% used [0x00000000e0e00000, 0x00000000e0edd740, 0x00000000e0edd800, 0x00000000e1860000)
 compacting perm gen  total 21248K, used 4015K [0x00000000f5a00000, 0x00000000f6ec0000, 0x0000000100000000)
   the space 21248K,  18% used [0x00000000f5a00000, 0x00000000f5debfa0, 0x00000000f5dec000, 0x00000000f6ec0000)
No shared spaces configured.
Event: 0.789 GC heap after
Heap after GC invocations=29 (full 0):
 def new generation   total 4800K, used 0K [0x00000000d6800000, 0x00000000d6d30000, 0x00000000e0e00000)
  eden space 4288K,   0% used [0x00000000d6800000, 0x00000000d6800000, 0x00000000d6c30000)
  from space 512K,   0% used [0x00000000d6cb0000, 0x00000000d6cb02d0, 0x00000000d6d30000)
  to   space 512K,   0% used [0x00000000d6c30000, 0x00000000d6c30000, 0x00000000d6cb0000)
 tenured generation   total 10624K, used 885K [0x00000000e0e00000, 0x00000000e1860000, 0x00000000f5a00000)
   the space 10624K,   8% used [0x00000000e0e00000, 0x00000000e0edd740, 0x00000000e0edd800, 0x00000000e1860000)
 compacting perm gen  total 21248K, used 4015K [0x00000000f5a00000, 0x00000000f6ec0000, 0x0000000100000000)
   the space 21248K,  18% used [0x00000000f5a00000, 0x00000000f5debfa0, 0x00000000f5dec000, 0x00000000f6ec0000)
No shared spaces configured.
}
Event: 0.794 GC heap before
{Heap before GC invocations=29 (full 0):
 def new generation   total 4800K, used 4288K [0x00000000d6800000, 0x00000000d6d30000, 0x00000000e0e00000)
  eden space 4288K, 100% used [0x00000000d6800000, 0x00000000d6c30000, 0x00000000d6c30000)
  from space 512K,   0% used [0x00000000d6cb0000, 0x00000000d6cb02d0, 0x00000000d6d30000)
  to   space 512K,   0% used [0x00000000d6c30000, 0x00000000d6c30000, 0x00000000d6cb0000)
 tenured generation   total 10624K, used 885K [0x00000000e0e00000, 0x00000000e1860000, 0x00000000f5a00000)
   the space 10624K,   8% used [0x00000000e0e00000, 0x00000000e0edd740, 0x00000000e0edd800, 0x00000000e1860000)
 compacting perm gen  total 21248K, used 4015K [0x00000000f5a00000, 0x00000000f6ec0000, 0x0000000100000000)
   the space 21248K,  18% used [0x00000000f5a00000, 0x00000000f5debfa0, 0x00000000f5dec000, 0x00000000f6ec0000)
No shared spaces configured.
Event: 0.794 GC heap after
Heap after GC invocations=30 (full 0):
 def new generation   total 4800K, used 0K [0x00000000d6800000, 0x00000000d6d30000, 0x00000000e0e00000)
  eden space 4288K,   0% used [0x00000000d6800000, 0x00000000d6800000, 0x00000000d6c30000)
  from space 512K,   0% used [0x00000000d6c30000, 0x00000000d6c30328, 0x00000000d6cb0000)
  to   space 512K,   0% used [0x00000000d6cb0000, 0x00000000d6cb0000, 0x00000000d6d30000)
 tenured generation   total 10624K, used 885K [0x00000000e0e00000, 0x00000000e1860000, 0x00000000f5a00000)
   the space 10624K,   8% used [0x00000000e0e00000, 0x00000000e0edd740, 0x00000000e0edd800, 0x00000000e1860000)
 compacting perm gen  total 21248K, used 4015K [0x00000000f5a00000, 0x00000000f6ec0000, 0x0000000100000000)
   the space 21248K,  18% used [0x00000000f5a00000, 0x00000000f5debfa0, 0x00000000f5dec000, 0x00000000f6ec0000)
No shared spaces configured.
}
Event: 0.798 GC heap before
{Heap before GC invocations=30 (full 0):
 def new generation   total 4800K, used 4288K [0x00000000d6800000, 0x00000000d6d30000, 0x00000000e0e00000)
  eden space 4288K, 100% used [0x00000000d6800000, 0x00000000d6c30000, 0x00000000d6c30000)
  from space 512K,   0% used [0x00000000d6c30000, 0x00000000d6c30328, 0x00000000d6cb0000)
  to   space 512K,   0% used [0x00000000d6cb0000, 0x00000000d6cb0000, 0x00000000d6d30000)
 tenured generation   total 10624K, used 885K [0x00000000e0e00000, 0x00000000e1860000, 0x00000000f5a00000)
   the space 10624K,   8% used [0x00000000e0e00000, 0x00000000e0edd740, 0x00000000e0edd800, 0x00000000e1860000)
 compacting perm gen  total 21248K, used 4015K [0x00000000f5a00000, 0x00000000f6ec0000, 0x0000000100000000)
   the space 21248K,  18% used [0x00000000f5a00000, 0x00000000f5debfa0, 0x00000000f5dec000, 0x00000000f6ec0000)
No shared spaces configured.
Event: 0.798 GC heap after
Heap after GC invocations=31 (full 0):
 def new generation   total 4800K, used 0K [0x00000000d6800000, 0x00000000d6d30000, 0x00000000e0e00000)
  eden space 4288K,   0% used [0x00000000d6800000, 0x00000000d6800000, 0x00000000d6c30000)
  from space 512K,   0% used [0x00000000d6cb0000, 0x00000000d6cb02e0, 0x00000000d6d30000)
  to   space 512K,   0% used [0x00000000d6c30000, 0x00000000d6c30000, 0x00000000d6cb0000)
 tenured generation   total 10624K, used 885K [0x00000000e0e00000, 0x00000000e1860000, 0x00000000f5a00000)
   the space 10624K,   8% used [0x00000000e0e00000, 0x00000000e0edd740, 0x00000000e0edd800, 0x00000000e1860000)
 compacting perm gen  total 21248K, used 4015K [0x00000000f5a00000, 0x00000000f6ec0000, 0x0000000100000000)
   the space 21248K,  18% used [0x00000000f5a00000, 0x00000000f5debfa0, 0x00000000f5dec000, 0x00000000f6ec0000)
No shared spaces configured.
}
Event: 0.803 GC heap before
{Heap before GC invocations=31 (full 0):
 def new generation   total 4800K, used 4288K [0x00000000d6800000, 0x00000000d6d30000, 0x00000000e0e00000)
  eden space 4288K, 100% used [0x00000000d6800000, 0x00000000d6c30000, 0x00000000d6c30000)
  from space 512K,   0% used [0x00000000d6cb0000, 0x00000000d6cb02e0, 0x00000000d6d30000)
  to   space 512K,   0% used [0x00000000d6c30000, 0x00000000d6c30000, 0x00000000d6cb0000)
 tenured generation   total 10624K, used 885K [0x00000000e0e00000, 0x00000000e1860000, 0x00000000f5a00000)
   the space 10624K,   8% used [0x00000000e0e00000, 0x00000000e0edd740, 0x00000000e0edd800, 0x00000000e1860000)
 compacting perm gen  total 21248K, used 4016K [0x00000000f5a00000, 0x00000000f6ec0000, 0x0000000100000000)
   the space 21248K,  18% used [0x00000000f5a00000, 0x00000000f5dec0b0, 0x00000000f5dec200, 0x00000000f6ec0000)
No shared spaces configured.
Event: 0.803 GC heap after
Heap after GC invocations=32 (full 0):
 def new generation   total 4800K, used 0K [0x00000000d6800000, 0x00000000d6d30000, 0x00000000e0e00000)
  eden space 4288K,   0% used [0x00000000d6800000, 0x00000000d6800000, 0x00000000d6c30000)
  from space 512K,   0% used [0x00000000d6c30000, 0x00000000d6c302d0, 0x00000000d6cb0000)
  to   space 512K,   0% used [0x00000000d6cb0000, 0x00000000d6cb0000, 0x00000000d6d30000)
 tenured generation   total 10624K, used 885K [0x00000000e0e00000, 0x00000000e1860000, 0x00000000f5a00000)
   the space 10624K,   8% used [0x00000000e0e00000, 0x00000000e0edd740, 0x00000000e0edd800, 0x00000000e1860000)
 compacting perm gen  total 21248K, used 4016K [0x00000000f5a00000, 0x00000000f6ec0000, 0x0000000100000000)
   the space 21248K,  18% used [0x00000000f5a00000, 0x00000000f5dec0b0, 0x00000000f5dec200, 0x00000000f6ec0000)
No shared spaces configured.
}
Event: 0.807 GC heap before
{Heap before GC invocations=32 (full 0):
 def new generation   total 4800K, used 4288K [0x00000000d6800000, 0x00000000d6d30000, 0x00000000e0e00000)
  eden space 4288K, 100% used [0x00000000d6800000, 0x00000000d6c30000, 0x00000000d6c30000)
  from space 512K,   0% used [0x00000000d6c30000, 0x00000000d6c302d0, 0x00000000d6cb0000)
  to   space 512K,   0% used [0x00000000d6cb0000, 0x00000000d6cb0000, 0x00000000d6d30000)
 tenured generation   total 10624K, used 885K [0x00000000e0e00000, 0x00000000e1860000, 0x00000000f5a00000)
   the space 10624K,   8% used [0x00000000e0e00000, 0x00000000e0edd740, 0x00000000e0edd800, 0x00000000e1860000)
 compacting perm gen  total 21248K, used 4016K [0x00000000f5a00000, 0x00000000f6ec0000, 0x0000000100000000)
   the space 21248K,  18% used [0x00000000f5a00000, 0x00000000f5dec0b0, 0x00000000f5dec200, 0x00000000f6ec0000)
No shared spaces configured.
Event: 0.807 GC heap after
Heap after GC invocations=33 (full 0):
 def new generation   total 4800K, used 0K [0x00000000d6800000, 0x00000000d6d30000, 0x00000000e0e00000)
  eden space 4288K,   0% used [0x00000000d6800000, 0x00000000d6800000, 0x00000000d6c30000)
  from space 512K,   0% used [0x00000000d6cb0000, 0x00000000d6cb0330, 0x00000000d6d30000)
  to   space 512K,   0% used [0x00000000d6c30000, 0x00000000d6c30000, 0x00000000d6cb0000)
 tenured generation   total 10624K, used 885K [0x00000000e0e00000, 0x00000000e1860000, 0x00000000f5a00000)
   the space 10624K,   8% used [0x00000000e0e00000, 0x00000000e0edd740, 0x00000000e0edd800, 0x00000000e1860000)
 compacting perm gen  total 21248K, used 4016K [0x00000000f5a00000, 0x00000000f6ec0000, 0x0000000100000000)
   the space 21248K,  18% used [0x00000000f5a00000, 0x00000000f5dec0b0, 0x00000000f5dec200, 0x00000000f6ec0000)
No shared spaces configured.
}

Deoptimization events (7 events):
Event: 0.138 Thread 0x000000000130e800 Uncommon trap -34 fr.pc 0x00007fb5f1ab524c
Event: 0.138 Thread 0x000000000130e800 Uncommon trap -34 fr.pc 0x00007fb5f1ab524c
Event: 0.138 Thread 0x000000000130e800 Uncommon trap -34 fr.pc 0x00007fb5f1ab524c
Event: 0.138 Thread 0x000000000130e800 Uncommon trap -34 fr.pc 0x00007fb5f1ab524c
Event: 0.166 Thread 0x000000000130e800 Uncommon trap 140 fr.pc 0x00007fb5f1abb7d0
Event: 0.166 Thread 0x000000000130e800 Uncommon trap 140 fr.pc 0x00007fb5f1abeaa0
Event: 0.166 Thread 0x000000000130e800 Uncommon trap 140 fr.pc 0x00007fb5f1ab9c04

Internal exceptions (10 events):
Event: 0.241 Thread 0x000000000130e800 Threw 0x00000000d682a4b8 at /build/buildd/openjdk-7-7u21-2.3.9/build/openjdk/hotspot/src/share/vm/prims/jvm.cpp:1166
Event: 0.242 Thread 0x000000000130e800 Threw 0x00000000d682d990 at /build/buildd/openjdk-7-7u21-2.3.9/build/openjdk/hotspot/src/share/vm/prims/jvm.cpp:1166
Event: 0.243 Thread 0x000000000130e800 Threw 0x00000000d6830850 at /build/buildd/openjdk-7-7u21-2.3.9/build/openjdk/hotspot/src/share/vm/prims/jvm.cpp:1166
Event: 0.244 Thread 0x000000000130e800 Threw 0x00000000d68387d8 at /build/buildd/openjdk-7-7u21-2.3.9/build/openjdk/hotspot/src/share/vm/prims/jvm.cpp:1166
Event: 0.245 Thread 0x000000000130e800 Threw 0x00000000d683ce50 at /build/buildd/openjdk-7-7u21-2.3.9/build/openjdk/hotspot/src/share/vm/prims/jvm.cpp:1166
Event: 0.245 Thread 0x000000000130e800 Threw 0x00000000d683fbe0 at /build/buildd/openjdk-7-7u21-2.3.9/build/openjdk/hotspot/src/share/vm/prims/jvm.cpp:1166
Event: 0.245 Thread 0x000000000130e800 Threw 0x00000000d6842538 at /build/buildd/openjdk-7-7u21-2.3.9/build/openjdk/hotspot/src/share/vm/prims/jvm.cpp:1166
Event: 0.246 Thread 0x000000000130e800 Threw 0x00000000d6846b30 at /build/buildd/openjdk-7-7u21-2.3.9/build/openjdk/hotspot/src/share/vm/prims/jvm.cpp:1166
Event: 0.248 Thread 0x000000000130e800 Threw 0x00000000d68580f0 at /build/buildd/openjdk-7-7u21-2.3.9/build/openjdk/hotspot/src/share/vm/prims/jvm.cpp:1166
Event: 0.248 Thread 0x000000000130e800 Threw 0x00000000d685b808 at /build/buildd/openjdk-7-7u21-2.3.9/build/openjdk/hotspot/src/share/vm/prims/jvm.cpp:1166

Events (10 events):
Event: 0.789 Executing VM operation: GenCollectForAllocation
Event: 0.789 Executing VM operation: GenCollectForAllocation done
Event: 0.794 Executing VM operation: GenCollectForAllocation
Event: 0.794 Executing VM operation: GenCollectForAllocation done
Event: 0.798 Executing VM operation: GenCollectForAllocation
Event: 0.798 Executing VM operation: GenCollectForAllocation done
Event: 0.803 Executing VM operation: GenCollectForAllocation
Event: 0.803 Executing VM operation: GenCollectForAllocation done
Event: 0.807 Executing VM operation: GenCollectForAllocation
Event: 0.807 Executing VM operation: GenCollectForAllocation done


Dynamic libraries:
00400000-00407000 r-xp 00000000 08:01 1572964                            /home/danghoa1/Work/EM/project/bin/em
00606000-00607000 r--p 00006000 08:01 1572964                            /home/danghoa1/Work/EM/project/bin/em
00607000-00608000 rw-p 00007000 08:01 1572964                            /home/danghoa1/Work/EM/project/bin/em
012fb000-014dd000 rw-p 00000000 00:00 0                                  [heap]
d6800000-d6d30000 rw-p 00000000 00:00 0 
d6d30000-e0e00000 rw-p 00000000 00:00 0 
e0e00000-e1860000 rw-p 00000000 00:00 0 
e1860000-f5a00000 rw-p 00000000 00:00 0 
f5a00000-f6ec0000 rw-p 00000000 00:00 0 
f6ec0000-100000000 rw-p 00000000 00:00 0 
7fb5cc000000-7fb5cc021000 rw-p 00000000 00:00 0 
7fb5cc021000-7fb5d0000000 ---p 00000000 00:00 0 
7fb5d4000000-7fb5d4526000 rw-p 00000000 00:00 0 
7fb5d4526000-7fb5d8000000 ---p 00000000 00:00 0 
7fb5d8000000-7fb5d8021000 rw-p 00000000 00:00 0 
7fb5d8021000-7fb5dc000000 ---p 00000000 00:00 0 
7fb5dc000000-7fb5dc021000 rw-p 00000000 00:00 0 
7fb5dc021000-7fb5e0000000 ---p 00000000 00:00 0 
7fb5e0000000-7fb5e0347000 rw-p 00000000 00:00 0 
7fb5e0347000-7fb5e4000000 ---p 00000000 00:00 0 
7fb5e4000000-7fb5e4021000 rw-p 00000000 00:00 0 
7fb5e4021000-7fb5e8000000 ---p 00000000 00:00 0 
7fb5e8000000-7fb5e8021000 rw-p 00000000 00:00 0 
7fb5e8021000-7fb5ec000000 ---p 00000000 00:00 0 
7fb5ec000000-7fb5ec021000 rw-p 00000000 00:00 0 
7fb5ec021000-7fb5f0000000 ---p 00000000 00:00 0 
7fb5f07dc000-7fb5f07dd000 rw-p 00000000 00:00 0 
7fb5f07dd000-7fb5f07e6000 r--s 000bc000 08:01 3551751                    /usr/lib/jvm/java-7-openjdk-common/jre/lib/resources.jar
7fb5f07e6000-7fb5f07fd000 r--s 00167000 08:01 1319972                    /home/danghoa1/Work/EM/project/libs/inflib.jar
7fb5f07fd000-7fb5f0800000 r--s 0000f000 08:01 3677656                    /usr/lib/jvm/java-7-openjdk-common/jre/lib/ext/pulse-java.jar
7fb5f0800000-7fb5f0804000 r--s 00085000 08:01 3677654                    /usr/lib/jvm/java-7-openjdk-common/jre/lib/ext/localedata.jar
7fb5f0804000-7fb5f0805000 ---p 00000000 00:00 0 
7fb5f0805000-7fb5f0905000 rw-p 00000000 00:00 0 
7fb5f0905000-7fb5f0908000 ---p 00000000 00:00 0 
7fb5f0908000-7fb5f0a06000 rw-p 00000000 00:00 0 
7fb5f0a06000-7fb5f0a09000 ---p 00000000 00:00 0 
7fb5f0a09000-7fb5f0b07000 rw-p 00000000 00:00 0 
7fb5f0b07000-7fb5f0b0a000 ---p 00000000 00:00 0 
7fb5f0b0a000-7fb5f0c08000 rw-p 00000000 00:00 0 
7fb5f0c08000-7fb5f0c0b000 ---p 00000000 00:00 0 
7fb5f0c0b000-7fb5f0d09000 rw-p 00000000 00:00 0 
7fb5f0d09000-7fb5f13ec000 r--p 00000000 08:01 3021552                    /usr/lib/locale/locale-archive
7fb5f13ec000-7fb5f13ef000 ---p 00000000 00:00 0 
7fb5f13ef000-7fb5f14ed000 rw-p 00000000 00:00 0 
7fb5f14ed000-7fb5f14f0000 ---p 00000000 00:00 0 
7fb5f14f0000-7fb5f15ee000 rw-p 00000000 00:00 0 
7fb5f15ee000-7fb5f15ef000 ---p 00000000 00:00 0 
7fb5f15ef000-7fb5f175b000 rw-p 00000000 00:00 0 
7fb5f175b000-7fb5f1908000 r--s 01cde000 08:01 3933539                    /usr/lib/jvm/java-7-openjdk-amd64/jre/lib/rt.jar
7fb5f1908000-7fb5f190b000 rw-p 00000000 00:00 0 
7fb5f190b000-7fb5f195b000 rw-p 00000000 00:00 0 
7fb5f195b000-7fb5f1961000 rw-p 00000000 00:00 0 
7fb5f1961000-7fb5f1a01000 rw-p 00000000 00:00 0 
7fb5f1a01000-7fb5f1a0c000 rw-p 00000000 00:00 0 
7fb5f1a0c000-7fb5f1a54000 rw-p 00000000 00:00 0 
7fb5f1a54000-7fb5f1a55000 rw-p 00000000 00:00 0 
7fb5f1a55000-7fb5f1cc5000 rwxp 00000000 00:00 0 
7fb5f1cc5000-7fb5f4a55000 rw-p 00000000 00:00 0 
7fb5f4a55000-7fb5f4a6b000 r-xp 00000000 08:01 3411627                    /lib/x86_64-linux-gnu/libz.so.1.2.3.4
7fb5f4a6b000-7fb5f4c6a000 ---p 00016000 08:01 3411627                    /lib/x86_64-linux-gnu/libz.so.1.2.3.4
7fb5f4c6a000-7fb5f4c6b000 r--p 00015000 08:01 3411627                    /lib/x86_64-linux-gnu/libz.so.1.2.3.4
7fb5f4c6b000-7fb5f4c6c000 rw-p 00016000 08:01 3411627                    /lib/x86_64-linux-gnu/libz.so.1.2.3.4
7fb5f4c6c000-7fb5f4c74000 r-xp 00000000 08:01 277298                     /usr/lib/jvm/java-7-openjdk-amd64/jre/lib/amd64/libzip.so
7fb5f4c74000-7fb5f4e73000 ---p 00008000 08:01 277298                     /usr/lib/jvm/java-7-openjdk-amd64/jre/lib/amd64/libzip.so
7fb5f4e73000-7fb5f4e74000 r--p 00007000 08:01 277298                     /usr/lib/jvm/java-7-openjdk-amd64/jre/lib/amd64/libzip.so
7fb5f4e74000-7fb5f4e75000 rw-p 00008000 08:01 277298                     /usr/lib/jvm/java-7-openjdk-amd64/jre/lib/amd64/libzip.so
7fb5f4e75000-7fb5f4e81000 r-xp 00000000 08:01 3418991                    /lib/x86_64-linux-gnu/libnss_files-2.15.so
7fb5f4e81000-7fb5f5080000 ---p 0000c000 08:01 3418991                    /lib/x86_64-linux-gnu/libnss_files-2.15.so
7fb5f5080000-7fb5f5081000 r--p 0000b000 08:01 3418991                    /lib/x86_64-linux-gnu/libnss_files-2.15.so
7fb5f5081000-7fb5f5082000 rw-p 0000c000 08:01 3418991                    /lib/x86_64-linux-gnu/libnss_files-2.15.so
7fb5f5082000-7fb5f508c000 r-xp 00000000 08:01 3418987                    /lib/x86_64-linux-gnu/libnss_nis-2.15.so
7fb5f508c000-7fb5f528c000 ---p 0000a000 08:01 3418987                    /lib/x86_64-linux-gnu/libnss_nis-2.15.so
7fb5f528c000-7fb5f528d000 r--p 0000a000 08:01 3418987                    /lib/x86_64-linux-gnu/libnss_nis-2.15.so
7fb5f528d000-7fb5f528e000 rw-p 0000b000 08:01 3418987                    /lib/x86_64-linux-gnu/libnss_nis-2.15.so
7fb5f528e000-7fb5f52a5000 r-xp 00000000 08:01 3419000                    /lib/x86_64-linux-gnu/libnsl-2.15.so
7fb5f52a5000-7fb5f54a4000 ---p 00017000 08:01 3419000                    /lib/x86_64-linux-gnu/libnsl-2.15.so
7fb5f54a4000-7fb5f54a5000 r--p 00016000 08:01 3419000                    /lib/x86_64-linux-gnu/libnsl-2.15.so
7fb5f54a5000-7fb5f54a6000 rw-p 00017000 08:01 3419000                    /lib/x86_64-linux-gnu/libnsl-2.15.so
7fb5f54a6000-7fb5f54a8000 rw-p 00000000 00:00 0 
7fb5f54a8000-7fb5f54b0000 r-xp 00000000 08:01 3418992                    /lib/x86_64-linux-gnu/libnss_compat-2.15.so
7fb5f54b0000-7fb5f56af000 ---p 00008000 08:01 3418992                    /lib/x86_64-linux-gnu/libnss_compat-2.15.so
7fb5f56af000-7fb5f56b0000 r--p 00007000 08:01 3418992                    /lib/x86_64-linux-gnu/libnss_compat-2.15.so
7fb5f56b0000-7fb5f56b1000 rw-p 00008000 08:01 3418992                    /lib/x86_64-linux-gnu/libnss_compat-2.15.so
7fb5f56b1000-7fb5f56da000 r-xp 00000000 08:01 277297                     /usr/lib/jvm/java-7-openjdk-amd64/jre/lib/amd64/libjava.so
7fb5f56da000-7fb5f58d9000 ---p 00029000 08:01 277297                     /usr/lib/jvm/java-7-openjdk-amd64/jre/lib/amd64/libjava.so
7fb5f58d9000-7fb5f58da000 r--p 00028000 08:01 277297                     /usr/lib/jvm/java-7-openjdk-amd64/jre/lib/amd64/libjava.so
7fb5f58da000-7fb5f58dc000 rw-p 00029000 08:01 277297                     /usr/lib/jvm/java-7-openjdk-amd64/jre/lib/amd64/libjava.so
7fb5f58dc000-7fb5f58ea000 r-xp 00000000 08:01 277321                     /usr/lib/jvm/java-7-openjdk-amd64/jre/lib/amd64/libverify.so
7fb5f58ea000-7fb5f5ae9000 ---p 0000e000 08:01 277321                     /usr/lib/jvm/java-7-openjdk-amd64/jre/lib/amd64/libverify.so
7fb5f5ae9000-7fb5f5aeb000 r--p 0000d000 08:01 277321                     /usr/lib/jvm/java-7-openjdk-amd64/jre/lib/amd64/libverify.so
7fb5f5aeb000-7fb5f5aec000 rw-p 0000f000 08:01 277321                     /usr/lib/jvm/java-7-openjdk-amd64/jre/lib/amd64/libverify.so
7fb5f5aec000-7fb5f5af3000 r-xp 00000000 08:01 3418985                    /lib/x86_64-linux-gnu/librt-2.15.so
7fb5f5af3000-7fb5f5cf2000 ---p 00007000 08:01 3418985                    /lib/x86_64-linux-gnu/librt-2.15.so
7fb5f5cf2000-7fb5f5cf3000 r--p 00006000 08:01 3418985                    /lib/x86_64-linux-gnu/librt-2.15.so
7fb5f5cf3000-7fb5f5cf4000 rw-p 00007000 08:01 3418985                    /lib/x86_64-linux-gnu/librt-2.15.so
7fb5f5cf4000-7fb5f5cf6000 r-xp 00000000 08:01 3416765                    /lib/x86_64-linux-gnu/libdl-2.15.so
7fb5f5cf6000-7fb5f5ef6000 ---p 00002000 08:01 3416765                    /lib/x86_64-linux-gnu/libdl-2.15.so
7fb5f5ef6000-7fb5f5ef7000 r--p 00002000 08:01 3416765                    /lib/x86_64-linux-gnu/libdl-2.15.so
7fb5f5ef7000-7fb5f5ef8000 rw-p 00003000 08:01 3416765                    /lib/x86_64-linux-gnu/libdl-2.15.so
7fb5f5ef8000-7fb5f5ff3000 r-xp 00000000 08:01 3418989                    /lib/x86_64-linux-gnu/libm-2.15.so
7fb5f5ff3000-7fb5f61f2000 ---p 000fb000 08:01 3418989                    /lib/x86_64-linux-gnu/libm-2.15.so
7fb5f61f2000-7fb5f61f3000 r--p 000fa000 08:01 3418989                    /lib/x86_64-linux-gnu/libm-2.15.so
7fb5f61f3000-7fb5f61f4000 rw-p 000fb000 08:01 3418989                    /lib/x86_64-linux-gnu/libm-2.15.so
7fb5f61f4000-7fb5f620c000 r-xp 00000000 08:01 3418983                    /lib/x86_64-linux-gnu/libpthread-2.15.so
7fb5f620c000-7fb5f640b000 ---p 00018000 08:01 3418983                    /lib/x86_64-linux-gnu/libpthread-2.15.so
7fb5f640b000-7fb5f640c000 r--p 00017000 08:01 3418983                    /lib/x86_64-linux-gnu/libpthread-2.15.so
7fb5f640c000-7fb5f640d000 rw-p 00018000 08:01 3418983                    /lib/x86_64-linux-gnu/libpthread-2.15.so
7fb5f640d000-7fb5f6411000 rw-p 00000000 00:00 0 
7fb5f6411000-7fb5f65c6000 r-xp 00000000 08:01 3418981                    /lib/x86_64-linux-gnu/libc-2.15.so
7fb5f65c6000-7fb5f67c5000 ---p 001b5000 08:01 3418981                    /lib/x86_64-linux-gnu/libc-2.15.so
7fb5f67c5000-7fb5f67c9000 r--p 001b4000 08:01 3418981                    /lib/x86_64-linux-gnu/libc-2.15.so
7fb5f67c9000-7fb5f67cb000 rw-p 001b8000 08:01 3418981                    /lib/x86_64-linux-gnu/libc-2.15.so
7fb5f67cb000-7fb5f67d0000 rw-p 00000000 00:00 0 
7fb5f67d0000-7fb5f67e5000 r-xp 00000000 08:01 3411537                    /lib/x86_64-linux-gnu/libgcc_s.so.1
7fb5f67e5000-7fb5f69e4000 ---p 00015000 08:01 3411537                    /lib/x86_64-linux-gnu/libgcc_s.so.1
7fb5f69e4000-7fb5f69e5000 r--p 00014000 08:01 3411537                    /lib/x86_64-linux-gnu/libgcc_s.so.1
7fb5f69e5000-7fb5f69e6000 rw-p 00015000 08:01 3411537                    /lib/x86_64-linux-gnu/libgcc_s.so.1
7fb5f69e6000-7fb5f6ac8000 r-xp 00000000 08:01 3022861                    /usr/lib/x86_64-linux-gnu/libstdc++.so.6.0.16
7fb5f6ac8000-7fb5f6cc7000 ---p 000e2000 08:01 3022861                    /usr/lib/x86_64-linux-gnu/libstdc++.so.6.0.16
7fb5f6cc7000-7fb5f6ccf000 r--p 000e1000 08:01 3022861                    /usr/lib/x86_64-linux-gnu/libstdc++.so.6.0.16
7fb5f6ccf000-7fb5f6cd1000 rw-p 000e9000 08:01 3022861                    /usr/lib/x86_64-linux-gnu/libstdc++.so.6.0.16
7fb5f6cd1000-7fb5f6ce6000 rw-p 00000000 00:00 0 
7fb5f6ce6000-7fb5f76c0000 r-xp 00000000 08:01 393822                     /usr/lib/jvm/java-7-openjdk-amd64/jre/lib/amd64/server/libjvm.so
7fb5f76c0000-7fb5f78bf000 ---p 009da000 08:01 393822                     /usr/lib/jvm/java-7-openjdk-amd64/jre/lib/amd64/server/libjvm.so
7fb5f78bf000-7fb5f793e000 r--p 009d9000 08:01 393822                     /usr/lib/jvm/java-7-openjdk-amd64/jre/lib/amd64/server/libjvm.so
7fb5f793e000-7fb5f7961000 rw-p 00a58000 08:01 393822                     /usr/lib/jvm/java-7-openjdk-amd64/jre/lib/amd64/server/libjvm.so
7fb5f7961000-7fb5f798b000 rw-p 00000000 00:00 0 
7fb5f798b000-7fb5f79ad000 r-xp 00000000 08:01 3418995                    /lib/x86_64-linux-gnu/ld-2.15.so
7fb5f79ad000-7fb5f79af000 r--s 00012000 08:01 3677658                    /usr/lib/jvm/java-7-openjdk-common/jre/lib/ext/zipfs.jar
7fb5f79af000-7fb5f79b0000 r--s 00002000 08:01 3677657                    /usr/lib/jvm/java-7-openjdk-common/jre/lib/ext/dnsns.jar
7fb5f79b0000-7fb5f79e3000 rw-p 00000000 00:00 0 
7fb5f79e3000-7fb5f7a2c000 rw-p 00000000 00:00 0 
7fb5f7a2c000-7fb5f7a32000 rw-p 00000000 00:00 0 
7fb5f7a32000-7fb5f7ad3000 rw-p 00000000 00:00 0 
7fb5f7ad3000-7fb5f7add000 rw-p 00000000 00:00 0 
7fb5f7add000-7fb5f7b93000 rw-p 00000000 00:00 0 
7fb5f7b93000-7fb5f7b99000 rw-p 00000000 00:00 0 
7fb5f7b99000-7fb5f7b9c000 r--s 00032000 08:01 3677655                    /usr/lib/jvm/java-7-openjdk-common/jre/lib/ext/sunjce_provider.jar
7fb5f7b9c000-7fb5f7b9d000 r--s 00007000 08:01 3293875                    /usr/share/java/java-atk-wrapper.jar
7fb5f7b9d000-7fb5f7ba0000 r--s 0003c000 08:01 3677653                    /usr/lib/jvm/java-7-openjdk-common/jre/lib/ext/sunpkcs11.jar
7fb5f7ba0000-7fb5f7ba8000 rw-s 00000000 08:01 3933670                    /tmp/hsperfdata_danghoa1/5446
7fb5f7ba8000-7fb5f7ba9000 rw-p 00000000 00:00 0 
7fb5f7ba9000-7fb5f7baa000 r--p 00000000 00:00 0 
7fb5f7baa000-7fb5f7bad000 rw-p 00000000 00:00 0 
7fb5f7bad000-7fb5f7bae000 r--p 00022000 08:01 3418995                    /lib/x86_64-linux-gnu/ld-2.15.so
7fb5f7bae000-7fb5f7bb0000 rw-p 00023000 08:01 3418995                    /lib/x86_64-linux-gnu/ld-2.15.so
7fff782f8000-7fff782fb000 ---p 00000000 00:00 0 
7fff782fc000-7fff783f8000 rw-p 00000000 00:00 0                          [stack]
7fff783fa000-7fff783fb000 r-xp 00000000 00:00 0                          [vdso]
ffffffffff600000-ffffffffff601000 r-xp 00000000 00:00 0                  [vsyscall]

VM Arguments:
java_command: <unknown>
Launcher Type: generic

Environment Variables:
JAVA_HOME=/usr/lib/jvm/java-7-openjdk-amd64/
PATH=/usr/lib/lightdm/lightdm:/usr/local/sbin:/usr/local/bin:/usr/sbin:/usr/bin:/sbin:/bin:/usr/games
LD_LIBRARY_PATH=:/usr/lib/jvm/java-7-openjdk-amd64//jre/lib/amd64:/usr/lib/jvm/java-7-openjdk-amd64//jre/lib/amd64/server/
SHELL=/bin/bash
DISPLAY=:0

Signal Handlers:
SIGSEGV: [libjvm.so+0x83e8f0], sa_mask[0]=0x7ffbfeff, sa_flags=0x10000004
SIGBUS: [libjvm.so+0x83e8f0], sa_mask[0]=0x7ffbfeff, sa_flags=0x10000004
SIGFPE: [libjvm.so+0x6df160], sa_mask[0]=0x7ffbfeff, sa_flags=0x10000004
SIGPIPE: [libjvm.so+0x6df160], sa_mask[0]=0x7ffbfeff, sa_flags=0x10000004
SIGXFSZ: [libjvm.so+0x6df160], sa_mask[0]=0x7ffbfeff, sa_flags=0x10000004
SIGILL: [libjvm.so+0x6df160], sa_mask[0]=0x7ffbfeff, sa_flags=0x10000004
SIGUSR1: SIG_DFL, sa_mask[0]=0x00000000, sa_flags=0x00000000
SIGUSR2: [libjvm.so+0x6df5a0], sa_mask[0]=0x00000000, sa_flags=0x10000004
SIGHUP: [libjvm.so+0x6df6e0], sa_mask[0]=0x7ffbfeff, sa_flags=0x10000004
SIGINT: [libjvm.so+0x6df6e0], sa_mask[0]=0x7ffbfeff, sa_flags=0x10000004
SIGTERM: [libjvm.so+0x6df6e0], sa_mask[0]=0x7ffbfeff, sa_flags=0x10000004
SIGQUIT: [libjvm.so+0x6df6e0], sa_mask[0]=0x7ffbfeff, sa_flags=0x10000004


---------------  S Y S T E M  ---------------

OS:Ubuntu 12.04 (precise)
uname:Linux 3.2.0-41-generic #66-Ubuntu SMP Thu Apr 25 03:27:11 UTC 2013 x86_64
libc:glibc 2.15 NPTL 2.15 
rlimit: STACK 8192k, CORE 0k, NPROC 7813, NOFILE 4096, AS infinity
load average:0.54 0.20 0.10

/proc/meminfo:
MemTotal:        1017764 kB
MemFree:          202836 kB
Buffers:           22816 kB
Cached:           325184 kB
SwapCached:        12200 kB
Active:           303812 kB
Inactive:         418572 kB
Active(anon):     121852 kB
Inactive(anon):   253348 kB
Active(file):     181960 kB
Inactive(file):   165224 kB
Unevictable:          32 kB
Mlocked:              32 kB
SwapTotal:       1046524 kB
SwapFree:        1032052 kB
Dirty:               112 kB
Writeback:             0 kB
AnonPages:        362720 kB
Mapped:            88668 kB
Shmem:               764 kB
Slab:              45520 kB
SReclaimable:      27100 kB
SUnreclaim:        18420 kB
KernelStack:        2656 kB
PageTables:        21904 kB
NFS_Unstable:          0 kB
Bounce:                0 kB
WritebackTmp:          0 kB
CommitLimit:     1555404 kB
Committed_AS:    2098712 kB
VmallocTotal:   34359738367 kB
VmallocUsed:       10004 kB
VmallocChunk:   34359697036 kB
HardwareCorrupted:     0 kB
AnonHugePages:         0 kB
HugePages_Total:       0
HugePages_Free:        0
HugePages_Rsvd:        0
HugePages_Surp:        0
Hugepagesize:       2048 kB
DirectMap4k:       38848 kB
DirectMap2M:     1009664 kB


CPU:total 1 (1 cores per cpu, 1 threads per core) family 6 model 42 stepping 7, cmov, cx8, fxsr, mmx, sse, sse2, sse3, ssse3, sse4.1, sse4.2, popcnt, avx, tsc, tscinvbit

/proc/cpuinfo:
processor	: 0
vendor_id	: GenuineIntel
cpu family	: 6
model		: 42
model name	: Intel(R) Core(TM) i7-2720QM CPU @ 2.20GHz
stepping	: 7
cpu MHz		: 2200.000
cache size	: 6144 KB
fpu		: yes
fpu_exception	: yes
cpuid level	: 13
wp		: yes
flags		: fpu vme de pse tsc msr pae mce cx8 apic sep mtrr pge mca cmov pat pse36 clflush mmx fxsr sse sse2 ss ht syscall nx lm constant_tsc up arch_perfmon nopl nonstop_tsc aperfmperf pni pclmulqdq ssse3 cx16 sse4_1 sse4_2 x2apic popcnt aes xsave avx hypervisor lahf_lm ida arat epb pln pts dtherm
bogomips	: 4400.00
clflush size	: 64
cache_alignment	: 64
address sizes	: 40 bits physical, 48 bits virtual
power management:



Memory: 4k page, physical 1017764k(202836k free), swap 1046524k(1032052k free)

vm_info: OpenJDK 64-Bit Server VM (23.7-b01) for linux-amd64 JRE (1.7.0_21-b02), built on Apr 23 2013 13:56:55 by "buildd" with gcc 4.6.3

time: Fri May 10 05:52:18 2013
elapsed time: 0 seconds

